{
  "C:/Users/38163/react-testing-starter/src/components/CancelOrderButton.tsx": {
    "path": "C:/Users/38163/react-testing-starter/src/components/CancelOrderButton.tsx",
    "statementMap": {
      "0": {
        "start": {
          "line": 3,
          "column": 26
        },
        "end": {
          "line": 59,
          "column": 1
        }
      },
      "1": {
        "start": {
          "line": 4,
          "column": 2
        },
        "end": {
          "line": 58,
          "column": 11
        }
      }
    },
    "fnMap": {
      "0": {
        "name": "(anonymous_0)",
        "decl": {
          "start": {
            "line": 3,
            "column": 26
          },
          "end": {
            "line": 3,
            "column": 27
          }
        },
        "loc": {
          "start": {
            "line": 3,
            "column": 32
          },
          "end": {
            "line": 59,
            "column": 1
          }
        },
        "line": 3
      }
    },
    "branchMap": {},
    "s": {
      "0": 10,
      "1": 28
    },
    "f": {
      "0": 28
    },
    "b": {},
    "inputSourceMap": {
      "version": 3,
      "sources": [
        "C:/Users/38163/react-testing-starter/src/components/CancelOrderButton.tsx"
      ],
      "mappings": "AAMQ;AANR,SAAS,QAAQ,QAAQ,YAAY;AAErC,MAAM,oBAAoB,MAAM;AAC9B,SACE,uBAAC,OAAO,MAAP,EACC;AAAA,2BAAC,OAAO,SAAP,EACC,iCAAC,UAAO,4BAAR;AAAA;AAAA;AAAA;AAAA,WAAoB,KADtB;AAAA;AAAA;AAAA;AAAA,WAEA;AAAA,IAEA,uBAAC,OAAO,SAAP,EAAe,OAAO,EAAE,UAAU,IAAI,GACrC;AAAA,6BAAC,OAAO,OAAP,EAAa,uBAAd;AAAA;AAAA;AAAA;AAAA,aAAqB;AAAA,MACrB,uBAAC,OAAO,aAAP,EAAmB,MAAK,KAAI,IAAG,KAAI,2DAApC;AAAA;AAAA;AAAA;AAAA,aAEA;AAAA,MACA,uBAAC,QAAK,KAAI,KAAI,IAAG,KAAI,SAAQ,OAC3B;AAAA,+BAAC,OAAO,OAAP,EACC,iCAAC,UAAO,SAAQ,QAAO,OAAM,QAAO,kBAApC;AAAA;AAAA;AAAA;AAAA,eAEA,KAHF;AAAA;AAAA;AAAA;AAAA,eAIA;AAAA,QACA,uBAAC,OAAO,OAAP,EACC,iCAAC,UAAO,mBAAR;AAAA;AAAA;AAAA;AAAA,eAAW,KADb;AAAA;AAAA;AAAA;AAAA,eAEA;AAAA,WARF;AAAA;AAAA;AAAA;AAAA,aASA;AAAA,SAdF;AAAA;AAAA;AAAA;AAAA,WAeA;AAAA,OApBF;AAAA;AAAA;AAAA;AAAA,SAqBA;AAEJ;AAEA,eAAe;",
      "names": []
    },
    "_coverageSchema": "1a1c01bbd47fc00a2c39e90264f33305004495a9",
    "hash": "2c99c42e0062a1ec29989ba83dc3a2f4821bc785"
  },
  "C:/Users/38163/react-testing-starter/src/store/categorySlice.ts": {
    "path": "C:/Users/38163/react-testing-starter/src/store/categorySlice.ts",
    "statementMap": {
      "0": {
        "start": {
          "line": 3,
          "column": 21
        },
        "end": {
          "line": 7,
          "column": 1
        }
      },
      "1": {
        "start": {
          "line": 8,
          "column": 31
        },
        "end": {
          "line": 14,
          "column": 1
        }
      },
      "2": {
        "start": {
          "line": 11,
          "column": 21
        },
        "end": {
          "line": 11,
          "column": 51
        }
      },
      "3": {
        "start": {
          "line": 12,
          "column": 4
        },
        "end": {
          "line": 12,
          "column": 16
        }
      },
      "4": {
        "start": {
          "line": 15,
          "column": 30
        },
        "end": {
          "line": 21,
          "column": 1
        }
      },
      "5": {
        "start": {
          "line": 18,
          "column": 21
        },
        "end": {
          "line": 18,
          "column": 62
        }
      },
      "6": {
        "start": {
          "line": 19,
          "column": 4
        },
        "end": {
          "line": 19,
          "column": 16
        }
      },
      "7": {
        "start": {
          "line": 22,
          "column": 29
        },
        "end": {
          "line": 40,
          "column": 2
        }
      },
      "8": {
        "start": {
          "line": 26,
          "column": 4
        },
        "end": {
          "line": 29,
          "column": 7
        }
      },
      "9": {
        "start": {
          "line": 27,
          "column": 6
        },
        "end": {
          "line": 27,
          "column": 27
        }
      },
      "10": {
        "start": {
          "line": 28,
          "column": 6
        },
        "end": {
          "line": 28,
          "column": 25
        }
      },
      "11": {
        "start": {
          "line": 30,
          "column": 4
        },
        "end": {
          "line": 33,
          "column": 7
        }
      },
      "12": {
        "start": {
          "line": 31,
          "column": 6
        },
        "end": {
          "line": 31,
          "column": 28
        }
      },
      "13": {
        "start": {
          "line": 32,
          "column": 6
        },
        "end": {
          "line": 32,
          "column": 34
        }
      },
      "14": {
        "start": {
          "line": 34,
          "column": 4
        },
        "end": {
          "line": 37,
          "column": 7
        }
      },
      "15": {
        "start": {
          "line": 35,
          "column": 6
        },
        "end": {
          "line": 35,
          "column": 28
        }
      },
      "16": {
        "start": {
          "line": 36,
          "column": 6
        },
        "end": {
          "line": 36,
          "column": 41
        }
      },
      "17": {
        "start": {
          "line": 41,
          "column": 32
        },
        "end": {
          "line": 41,
          "column": 57
        }
      },
      "18": {
        "start": {
          "line": 41,
          "column": 43
        },
        "end": {
          "line": 41,
          "column": 57
        }
      }
    },
    "fnMap": {
      "0": {
        "name": "(anonymous_0)",
        "decl": {
          "start": {
            "line": 10,
            "column": 2
          },
          "end": {
            "line": 10,
            "column": 3
          }
        },
        "loc": {
          "start": {
            "line": 10,
            "column": 14
          },
          "end": {
            "line": 13,
            "column": 3
          }
        },
        "line": 10
      },
      "1": {
        "name": "(anonymous_1)",
        "decl": {
          "start": {
            "line": 17,
            "column": 2
          },
          "end": {
            "line": 17,
            "column": 3
          }
        },
        "loc": {
          "start": {
            "line": 17,
            "column": 18
          },
          "end": {
            "line": 20,
            "column": 3
          }
        },
        "line": 17
      },
      "2": {
        "name": "(anonymous_2)",
        "decl": {
          "start": {
            "line": 25,
            "column": 17
          },
          "end": {
            "line": 25,
            "column": 18
          }
        },
        "loc": {
          "start": {
            "line": 25,
            "column": 30
          },
          "end": {
            "line": 38,
            "column": 3
          }
        },
        "line": 25
      },
      "3": {
        "name": "(anonymous_3)",
        "decl": {
          "start": {
            "line": 26,
            "column": 45
          },
          "end": {
            "line": 26,
            "column": 46
          }
        },
        "loc": {
          "start": {
            "line": 26,
            "column": 56
          },
          "end": {
            "line": 29,
            "column": 5
          }
        },
        "line": 26
      },
      "4": {
        "name": "(anonymous_4)",
        "decl": {
          "start": {
            "line": 30,
            "column": 47
          },
          "end": {
            "line": 30,
            "column": 48
          }
        },
        "loc": {
          "start": {
            "line": 30,
            "column": 66
          },
          "end": {
            "line": 33,
            "column": 5
          }
        },
        "line": 30
      },
      "5": {
        "name": "(anonymous_5)",
        "decl": {
          "start": {
            "line": 34,
            "column": 46
          },
          "end": {
            "line": 34,
            "column": 47
          }
        },
        "loc": {
          "start": {
            "line": 34,
            "column": 65
          },
          "end": {
            "line": 37,
            "column": 5
          }
        },
        "line": 34
      },
      "6": {
        "name": "(anonymous_6)",
        "decl": {
          "start": {
            "line": 41,
            "column": 32
          },
          "end": {
            "line": 41,
            "column": 33
          }
        },
        "loc": {
          "start": {
            "line": 41,
            "column": 43
          },
          "end": {
            "line": 41,
            "column": 57
          }
        },
        "line": 41
      }
    },
    "branchMap": {},
    "s": {
      "0": 44,
      "1": 44,
      "2": 18,
      "3": 0,
      "4": 44,
      "5": 0,
      "6": 0,
      "7": 44,
      "8": 36,
      "9": 0,
      "10": 0,
      "11": 36,
      "12": 0,
      "13": 0,
      "14": 36,
      "15": 0,
      "16": 0,
      "17": 44,
      "18": 0
    },
    "f": {
      "0": 18,
      "1": 0,
      "2": 36,
      "3": 0,
      "4": 0,
      "5": 0,
      "6": 0
    },
    "b": {},
    "inputSourceMap": {
      "version": 3,
      "sources": [
        "C:/Users/38163/react-testing-starter/src/store/categorySlice.ts"
      ],
      "mappings": "AAAA,SAAS,kBAAkB,mBAAmB;AAC9C,OAAO,WAAW;AAUlB,MAAM,eAA8B;AAAA,EAClC,MAAM,CAAC;AAAA,EACP,SAAS;AAAA,EACT,OAAO;AACT;AAEO,aAAM,kBAAkB;AAAA,EAC7B;AAAA,EACA,YAAY;AACV,UAAM,EAAE,KAAK,IAAI,MAAM,MAAM,IAAI,aAAa;AAC9C,WAAO;AAAA,EACT;AACF;AAEO,aAAM,iBAAiB;AAAA,EAC5B;AAAA,EACA,OAAO,SAAiB;AACtB,UAAM,EAAE,KAAK,IAAI,MAAM,MAAM,KAAK,eAAe,EAAE,KAAK,CAAC;AACzD,WAAO;AAAA,EACT;AACF;AAEO,aAAM,gBAAgB,YAAY;AAAA,EACvC,MAAM;AAAA,EACN;AAAA,EACA,eAAe,CAAC,YAAY;AAC1B,YAAQ,QAAQ,gBAAgB,SAAS,CAAC,UAAU;AAClD,YAAM,UAAU;AAChB,YAAM,QAAQ;AAAA,IAChB,CAAC;AACD,YAAQ,QAAQ,gBAAgB,WAAW,CAAC,OAAO,WAAW;AAC5D,YAAM,UAAU;AAChB,YAAM,OAAO,OAAO;AAAA,IACtB,CAAC;AACD,YAAQ,QAAQ,gBAAgB,UAAU,CAAC,OAAO,WAAW;AAC3D,YAAM,UAAU;AAChB,YAAM,QAAQ,OAAO,MAAM;AAAA,IAC7B,CAAC;AAAA,EACH;AAAA,EACA,UAAU,CAAC;AACb,CAAC;AAEM,aAAM,mBAAmB,CAAC,UAAqB,MAAM;AAE5D,eAAe,cAAc;",
      "names": []
    },
    "_coverageSchema": "1a1c01bbd47fc00a2c39e90264f33305004495a9",
    "hash": "467b77fb850dea35ab0ad1fb35f4938d2757ccdd"
  },
  "C:/Users/38163/react-testing-starter/src/store/hooks.ts": {
    "path": "C:/Users/38163/react-testing-starter/src/store/hooks.ts",
    "statementMap": {
      "0": {
        "start": {
          "line": 2,
          "column": 30
        },
        "end": {
          "line": 2,
          "column": 41
        }
      },
      "1": {
        "start": {
          "line": 3,
          "column": 30
        },
        "end": {
          "line": 3,
          "column": 41
        }
      }
    },
    "fnMap": {},
    "branchMap": {},
    "s": {
      "0": 8,
      "1": 8
    },
    "f": {},
    "b": {},
    "inputSourceMap": {
      "version": 3,
      "sources": [
        "C:/Users/38163/react-testing-starter/src/store/hooks.ts"
      ],
      "mappings": "AAAA,SAA+B,aAAa,mBAAmB;AAGxD,aAAM,iBAAoC;AAC1C,aAAM,iBAAkD;",
      "names": []
    },
    "_coverageSchema": "1a1c01bbd47fc00a2c39e90264f33305004495a9",
    "hash": "3b2efd6b8fed021816dc8a373bfc75ff302d290c"
  },
  "C:/Users/38163/react-testing-starter/src/components/CategoryList.tsx": {
    "path": "C:/Users/38163/react-testing-starter/src/components/CategoryList.tsx",
    "statementMap": {
      "0": {
        "start": {
          "line": 6,
          "column": 19
        },
        "end": {
          "line": 6,
          "column": 35
        }
      },
      "1": {
        "start": {
          "line": 7,
          "column": 21
        },
        "end": {
          "line": 7,
          "column": 67
        }
      },
      "2": {
        "start": {
          "line": 7,
          "column": 47
        },
        "end": {
          "line": 7,
          "column": 66
        }
      },
      "3": {
        "start": {
          "line": 8,
          "column": 18
        },
        "end": {
          "line": 8,
          "column": 67
        }
      },
      "4": {
        "start": {
          "line": 8,
          "column": 44
        },
        "end": {
          "line": 8,
          "column": 66
        }
      },
      "5": {
        "start": {
          "line": 9,
          "column": 16
        },
        "end": {
          "line": 9,
          "column": 63
        }
      },
      "6": {
        "start": {
          "line": 9,
          "column": 42
        },
        "end": {
          "line": 9,
          "column": 62
        }
      },
      "7": {
        "start": {
          "line": 10,
          "column": 2
        },
        "end": {
          "line": 12,
          "column": 17
        }
      },
      "8": {
        "start": {
          "line": 11,
          "column": 4
        },
        "end": {
          "line": 11,
          "column": 32
        }
      },
      "9": {
        "start": {
          "line": 13,
          "column": 2
        },
        "end": {
          "line": 21,
          "column": 13
        }
      },
      "10": {
        "start": {
          "line": 14,
          "column": 4
        },
        "end": {
          "line": 21,
          "column": 13
        }
      },
      "11": {
        "start": {
          "line": 22,
          "column": 2
        },
        "end": {
          "line": 45,
          "column": 11
        }
      },
      "12": {
        "start": {
          "line": 32,
          "column": 101
        },
        "end": {
          "line": 36,
          "column": 12
        }
      }
    },
    "fnMap": {
      "0": {
        "name": "CategoryList",
        "decl": {
          "start": {
            "line": 5,
            "column": 9
          },
          "end": {
            "line": 5,
            "column": 21
          }
        },
        "loc": {
          "start": {
            "line": 5,
            "column": 24
          },
          "end": {
            "line": 46,
            "column": 1
          }
        },
        "line": 5
      },
      "1": {
        "name": "(anonymous_1)",
        "decl": {
          "start": {
            "line": 7,
            "column": 36
          },
          "end": {
            "line": 7,
            "column": 37
          }
        },
        "loc": {
          "start": {
            "line": 7,
            "column": 47
          },
          "end": {
            "line": 7,
            "column": 66
          }
        },
        "line": 7
      },
      "2": {
        "name": "(anonymous_2)",
        "decl": {
          "start": {
            "line": 8,
            "column": 33
          },
          "end": {
            "line": 8,
            "column": 34
          }
        },
        "loc": {
          "start": {
            "line": 8,
            "column": 44
          },
          "end": {
            "line": 8,
            "column": 66
          }
        },
        "line": 8
      },
      "3": {
        "name": "(anonymous_3)",
        "decl": {
          "start": {
            "line": 9,
            "column": 31
          },
          "end": {
            "line": 9,
            "column": 32
          }
        },
        "loc": {
          "start": {
            "line": 9,
            "column": 42
          },
          "end": {
            "line": 9,
            "column": 62
          }
        },
        "line": 9
      },
      "4": {
        "name": "(anonymous_4)",
        "decl": {
          "start": {
            "line": 10,
            "column": 12
          },
          "end": {
            "line": 10,
            "column": 13
          }
        },
        "loc": {
          "start": {
            "line": 10,
            "column": 18
          },
          "end": {
            "line": 12,
            "column": 3
          }
        },
        "line": 10
      },
      "5": {
        "name": "(anonymous_5)",
        "decl": {
          "start": {
            "line": 32,
            "column": 71
          },
          "end": {
            "line": 32,
            "column": 72
          }
        },
        "loc": {
          "start": {
            "line": 32,
            "column": 101
          },
          "end": {
            "line": 36,
            "column": 12
          }
        },
        "line": 32
      }
    },
    "branchMap": {
      "0": {
        "loc": {
          "start": {
            "line": 13,
            "column": 2
          },
          "end": {
            "line": 21,
            "column": 13
          }
        },
        "type": "if",
        "locations": [
          {
            "start": {
              "line": 13,
              "column": 2
            },
            "end": {
              "line": 21,
              "column": 13
            }
          },
          {
            "start": {},
            "end": {}
          }
        ],
        "line": 13
      },
      "1": {
        "loc": {
          "start": {
            "line": 28,
            "column": 4
          },
          "end": {
            "line": 40,
            "column": 12
          }
        },
        "type": "cond-expr",
        "locations": [
          {
            "start": {
              "line": 28,
              "column": 30
            },
            "end": {
              "line": 32,
              "column": 12
            }
          },
          {
            "start": {
              "line": 32,
              "column": 31
            },
            "end": {
              "line": 40,
              "column": 12
            }
          }
        ],
        "line": 28
      }
    },
    "s": {
      "0": 18,
      "1": 18,
      "2": 36,
      "3": 18,
      "4": 36,
      "5": 18,
      "6": 36,
      "7": 18,
      "8": 18,
      "9": 18,
      "10": 4,
      "11": 14,
      "12": 12
    },
    "f": {
      "0": 18,
      "1": 36,
      "2": 36,
      "3": 36,
      "4": 18,
      "5": 12
    },
    "b": {
      "0": [
        4,
        14
      ],
      "1": [
        8,
        6
      ]
    },
    "inputSourceMap": {
      "version": 3,
      "sources": [
        "C:/Users/38163/react-testing-starter/src/components/CategoryList.tsx"
      ],
      "mappings": "AAcoB;AAdpB,SAAS,iBAAiB;AAC1B,SAAS,uBAAuB;AAChC,SAAS,gBAAgB,sBAAsB;AAE/C,SAAS,eAAe;AACtB,QAAM,WAAW,eAAe;AAChC,QAAM,aAAa,eAAe,CAAC,UAAU,MAAM,SAAS,IAAI;AAChE,QAAM,UAAU,eAAe,CAAC,UAAU,MAAM,SAAS,OAAO;AAChE,QAAM,QAAQ,eAAe,CAAC,UAAU,MAAM,SAAS,KAAK;AAE5D,YAAU,MAAM;AACd,aAAS,gBAAgB,CAAC;AAAA,EAC5B,GAAG,CAAC,QAAQ,CAAC;AAEb,MAAI;AAAO,WAAO,uBAAC,SAAI;AAAA;AAAA,MAAQ;AAAA,SAAb;AAAA;AAAA;AAAA;AAAA,WAAmB;AAErC,SACE,uBAAC,SACC;AAAA,2BAAC,QAAG,6BAAJ;AAAA;AAAA;AAAA;AAAA,WAAiB;AAAA,IAChB,UACC,uBAAC,SAAI,0BAAL;AAAA;AAAA;AAAA;AAAA,WAAe,IAEf,uBAAC,QACE,qBAAY,IAAI,CAAC,aAChB,uBAAC,QAAsB,mBAAS,QAAvB,SAAS,IAAlB;AAAA;AAAA;AAAA;AAAA,WAAqC,CACtC,KAHH;AAAA;AAAA;AAAA;AAAA,WAIA;AAAA,OATJ;AAAA;AAAA;AAAA;AAAA,SAWA;AAEJ;AAEA,eAAe;",
      "names": []
    },
    "_coverageSchema": "1a1c01bbd47fc00a2c39e90264f33305004495a9",
    "hash": "030b12c2ad2308e247dc567e03145f193e8d6ea1"
  },
  "C:/Users/38163/react-testing-starter/src/components/ErrorMessage.tsx": {
    "path": "C:/Users/38163/react-testing-starter/src/components/ErrorMessage.tsx",
    "statementMap": {
      "0": {
        "start": {
          "line": 3,
          "column": 21
        },
        "end": {
          "line": 11,
          "column": 1
        }
      },
      "1": {
        "start": {
          "line": 4,
          "column": 2
        },
        "end": {
          "line": 5,
          "column": 16
        }
      },
      "2": {
        "start": {
          "line": 5,
          "column": 4
        },
        "end": {
          "line": 5,
          "column": 16
        }
      },
      "3": {
        "start": {
          "line": 6,
          "column": 2
        },
        "end": {
          "line": 10,
          "column": 11
        }
      },
      "4": {
        "start": {
          "line": 3,
          "column": 20
        },
        "end": {
          "line": 3,
          "column": 97
        }
      },
      "5": {
        "start": {
          "line": 6,
          "column": 0
        },
        "end": {
          "line": 16,
          "column": 1
        }
      },
      "6": {
        "start": {
          "line": 7,
          "column": 2
        },
        "end": {
          "line": 9,
          "column": 3
        }
      },
      "7": {
        "start": {
          "line": 8,
          "column": 4
        },
        "end": {
          "line": 8,
          "column": 165
        }
      },
      "8": {
        "start": {
          "line": 10,
          "column": 2
        },
        "end": {
          "line": 10,
          "column": 39
        }
      },
      "9": {
        "start": {
          "line": 11,
          "column": 2
        },
        "end": {
          "line": 11,
          "column": 39
        }
      },
      "10": {
        "start": {
          "line": 12,
          "column": 2
        },
        "end": {
          "line": 14,
          "column": 4
        }
      },
      "11": {
        "start": {
          "line": 13,
          "column": 4
        },
        "end": {
          "line": 13,
          "column": 112
        }
      },
      "12": {
        "start": {
          "line": 15,
          "column": 2
        },
        "end": {
          "line": 15,
          "column": 75
        }
      },
      "13": {
        "start": {
          "line": 18,
          "column": 21
        },
        "end": {
          "line": 26,
          "column": 1
        }
      },
      "14": {
        "start": {
          "line": 19,
          "column": 2
        },
        "end": {
          "line": 20,
          "column": 16
        }
      },
      "15": {
        "start": {
          "line": 20,
          "column": 4
        },
        "end": {
          "line": 20,
          "column": 16
        }
      },
      "16": {
        "start": {
          "line": 21,
          "column": 2
        },
        "end": {
          "line": 25,
          "column": 11
        }
      },
      "17": {
        "start": {
          "line": 27,
          "column": 0
        },
        "end": {
          "line": 27,
          "column": 18
        }
      },
      "18": {
        "start": {
          "line": 30,
          "column": 0
        },
        "end": {
          "line": 30,
          "column": 33
        }
      },
      "19": {
        "start": {
          "line": 31,
          "column": 0
        },
        "end": {
          "line": 44,
          "column": 1
        }
      },
      "20": {
        "start": {
          "line": 32,
          "column": 2
        },
        "end": {
          "line": 32,
          "column": 39
        }
      },
      "21": {
        "start": {
          "line": 33,
          "column": 2
        },
        "end": {
          "line": 33,
          "column": 39
        }
      },
      "22": {
        "start": {
          "line": 34,
          "column": 2
        },
        "end": {
          "line": 43,
          "column": 5
        }
      },
      "23": {
        "start": {
          "line": 35,
          "column": 4
        },
        "end": {
          "line": 35,
          "column": 138
        }
      },
      "24": {
        "start": {
          "line": 36,
          "column": 4
        },
        "end": {
          "line": 42,
          "column": 7
        }
      },
      "25": {
        "start": {
          "line": 37,
          "column": 6
        },
        "end": {
          "line": 38,
          "column": 15
        }
      },
      "26": {
        "start": {
          "line": 38,
          "column": 8
        },
        "end": {
          "line": 38,
          "column": 15
        }
      },
      "27": {
        "start": {
          "line": 39,
          "column": 32
        },
        "end": {
          "line": 39,
          "column": 115
        }
      },
      "28": {
        "start": {
          "line": 40,
          "column": 6
        },
        "end": {
          "line": 41,
          "column": 54
        }
      },
      "29": {
        "start": {
          "line": 41,
          "column": 8
        },
        "end": {
          "line": 41,
          "column": 54
        }
      }
    },
    "fnMap": {
      "0": {
        "name": "(anonymous_0)",
        "decl": {
          "start": {
            "line": 3,
            "column": 21
          },
          "end": {
            "line": 3,
            "column": 22
          }
        },
        "loc": {
          "start": {
            "line": 3,
            "column": 36
          },
          "end": {
            "line": 11,
            "column": 1
          }
        },
        "line": 3
      },
      "1": {
        "name": "(anonymous_0)",
        "decl": {
          "start": {
            "line": 12,
            "column": 24
          },
          "end": {
            "line": 12,
            "column": 25
          }
        },
        "loc": {
          "start": {
            "line": 12,
            "column": 38
          },
          "end": {
            "line": 14,
            "column": 3
          }
        },
        "line": 12
      },
      "2": {
        "name": "(anonymous_1)",
        "decl": {
          "start": {
            "line": 18,
            "column": 21
          },
          "end": {
            "line": 18,
            "column": 22
          }
        },
        "loc": {
          "start": {
            "line": 18,
            "column": 36
          },
          "end": {
            "line": 26,
            "column": 1
          }
        },
        "line": 18
      },
      "3": {
        "name": "(anonymous_2)",
        "decl": {
          "start": {
            "line": 34,
            "column": 52
          },
          "end": {
            "line": 34,
            "column": 53
          }
        },
        "loc": {
          "start": {
            "line": 34,
            "column": 72
          },
          "end": {
            "line": 43,
            "column": 3
          }
        },
        "line": 34
      },
      "4": {
        "name": "(anonymous_3)",
        "decl": {
          "start": {
            "line": 36,
            "column": 27
          },
          "end": {
            "line": 36,
            "column": 28
          }
        },
        "loc": {
          "start": {
            "line": 36,
            "column": 44
          },
          "end": {
            "line": 42,
            "column": 5
          }
        },
        "line": 36
      }
    },
    "branchMap": {
      "0": {
        "loc": {
          "start": {
            "line": 4,
            "column": 2
          },
          "end": {
            "line": 5,
            "column": 16
          }
        },
        "type": "if",
        "locations": [
          {
            "start": {
              "line": 4,
              "column": 2
            },
            "end": {
              "line": 5,
              "column": 16
            }
          },
          {
            "start": {},
            "end": {}
          }
        ],
        "line": 4
      },
      "1": {
        "loc": {
          "start": {
            "line": 3,
            "column": 20
          },
          "end": {
            "line": 3,
            "column": 97
          }
        },
        "type": "binary-expr",
        "locations": [
          {
            "start": {
              "line": 3,
              "column": 20
            },
            "end": {
              "line": 3,
              "column": 60
            }
          },
          {
            "start": {
              "line": 3,
              "column": 64
            },
            "end": {
              "line": 3,
              "column": 97
            }
          }
        ],
        "line": 3
      },
      "2": {
        "loc": {
          "start": {
            "line": 6,
            "column": 0
          },
          "end": {
            "line": 16,
            "column": 1
          }
        },
        "type": "if",
        "locations": [
          {
            "start": {
              "line": 6,
              "column": 0
            },
            "end": {
              "line": 16,
              "column": 1
            }
          },
          {
            "start": {},
            "end": {}
          }
        ],
        "line": 6
      },
      "3": {
        "loc": {
          "start": {
            "line": 6,
            "column": 4
          },
          "end": {
            "line": 6,
            "column": 35
          }
        },
        "type": "binary-expr",
        "locations": [
          {
            "start": {
              "line": 6,
              "column": 4
            },
            "end": {
              "line": 6,
              "column": 19
            }
          },
          {
            "start": {
              "line": 6,
              "column": 23
            },
            "end": {
              "line": 6,
              "column": 35
            }
          }
        ],
        "line": 6
      },
      "4": {
        "loc": {
          "start": {
            "line": 7,
            "column": 2
          },
          "end": {
            "line": 9,
            "column": 3
          }
        },
        "type": "if",
        "locations": [
          {
            "start": {
              "line": 7,
              "column": 2
            },
            "end": {
              "line": 9,
              "column": 3
            }
          },
          {
            "start": {},
            "end": {}
          }
        ],
        "line": 7
      },
      "5": {
        "loc": {
          "start": {
            "line": 19,
            "column": 2
          },
          "end": {
            "line": 20,
            "column": 16
          }
        },
        "type": "if",
        "locations": [
          {
            "start": {
              "line": 19,
              "column": 2
            },
            "end": {
              "line": 20,
              "column": 16
            }
          },
          {
            "start": {},
            "end": {}
          }
        ],
        "line": 19
      },
      "6": {
        "loc": {
          "start": {
            "line": 31,
            "column": 0
          },
          "end": {
            "line": 44,
            "column": 1
          }
        },
        "type": "if",
        "locations": [
          {
            "start": {
              "line": 31,
              "column": 0
            },
            "end": {
              "line": 44,
              "column": 1
            }
          },
          {
            "start": {},
            "end": {}
          }
        ],
        "line": 31
      },
      "7": {
        "loc": {
          "start": {
            "line": 31,
            "column": 4
          },
          "end": {
            "line": 31,
            "column": 35
          }
        },
        "type": "binary-expr",
        "locations": [
          {
            "start": {
              "line": 31,
              "column": 4
            },
            "end": {
              "line": 31,
              "column": 19
            }
          },
          {
            "start": {
              "line": 31,
              "column": 23
            },
            "end": {
              "line": 31,
              "column": 35
            }
          }
        ],
        "line": 31
      },
      "8": {
        "loc": {
          "start": {
            "line": 37,
            "column": 6
          },
          "end": {
            "line": 38,
            "column": 15
          }
        },
        "type": "if",
        "locations": [
          {
            "start": {
              "line": 37,
              "column": 6
            },
            "end": {
              "line": 38,
              "column": 15
            }
          },
          {
            "start": {},
            "end": {}
          }
        ],
        "line": 37
      },
      "9": {
        "loc": {
          "start": {
            "line": 40,
            "column": 6
          },
          "end": {
            "line": 41,
            "column": 54
          }
        },
        "type": "if",
        "locations": [
          {
            "start": {
              "line": 40,
              "column": 6
            },
            "end": {
              "line": 41,
              "column": 54
            }
          },
          {
            "start": {},
            "end": {}
          }
        ],
        "line": 40
      }
    },
    "s": {
      "0": 8,
      "1": 18,
      "2": 8,
      "3": 46,
      "4": 36,
      "5": 36,
      "6": 46,
      "7": 10,
      "8": 44,
      "9": 36,
      "10": 36,
      "11": 36,
      "12": 36,
      "13": 36,
      "14": 0,
      "15": 0,
      "16": 0,
      "17": 36,
      "18": 36,
      "19": 36,
      "20": 36,
      "21": 36,
      "22": 36,
      "23": 36,
      "24": 36,
      "25": 0,
      "26": 0,
      "27": 0,
      "28": 0,
      "29": 0
    },
    "f": {
      "0": 18,
      "1": 36,
      "2": 0,
      "3": 36,
      "4": 0
    },
    "b": {
      "0": [
        8,
        10
      ],
      "1": [
        36,
        0
      ],
      "2": [
        36,
        0
      ],
      "3": [
        36,
        36
      ],
      "4": [
        0,
        36
      ],
      "5": [
        0,
        0
      ],
      "6": [
        36,
        0
      ],
      "7": [
        36,
        36
      ],
      "8": [
        0,
        0
      ],
      "9": [
        0,
        0
      ]
    },
    "inputSourceMap": {
      "version": 3,
      "sources": [
        "C:/Users/38163/react-testing-starter/src/components/ErrorMessage.tsx"
      ],
      "mappings": "AAOI;AAPJ,SAAS,YAAY;AAGrB,MAAM,eAAe,CAAC,EAAE,MAAM,MAAyC;AACrE,MAAI,CAAC;AAAO,WAAO;AAEnB,SACE,uBAAC,QAAK,OAAM,OAAM,IAAG,OAAM,MAAK,SAAQ,YAAU,MAAM,IAAK,MAC1D,gBAAM,WADT;AAAA;AAAA;AAAA;AAAA,SAEA;AAEJ;AAEA,eAAe;",
      "names": []
    },
    "_coverageSchema": "1a1c01bbd47fc00a2c39e90264f33305004495a9",
    "hash": "bc128c2afd937f8b35a6c373274c07de8526ce5f"
  },
  "C:/Users/38163/react-testing-starter/src/components/ExpandableText.tsx": {
    "path": "C:/Users/38163/react-testing-starter/src/components/ExpandableText.tsx",
    "statementMap": {
      "0": {
        "start": {
          "line": 3,
          "column": 23
        },
        "end": {
          "line": 35,
          "column": 1
        }
      },
      "1": {
        "start": {
          "line": 4,
          "column": 16
        },
        "end": {
          "line": 4,
          "column": 19
        }
      },
      "2": {
        "start": {
          "line": 5,
          "column": 36
        },
        "end": {
          "line": 5,
          "column": 51
        }
      },
      "3": {
        "start": {
          "line": 6,
          "column": 2
        },
        "end": {
          "line": 11,
          "column": 13
        }
      },
      "4": {
        "start": {
          "line": 7,
          "column": 4
        },
        "end": {
          "line": 11,
          "column": 13
        }
      },
      "5": {
        "start": {
          "line": 12,
          "column": 2
        },
        "end": {
          "line": 34,
          "column": 11
        }
      },
      "6": {
        "start": {
          "line": 25,
          "column": 54
        },
        "end": {
          "line": 25,
          "column": 78
        }
      }
    },
    "fnMap": {
      "0": {
        "name": "(anonymous_0)",
        "decl": {
          "start": {
            "line": 3,
            "column": 23
          },
          "end": {
            "line": 3,
            "column": 24
          }
        },
        "loc": {
          "start": {
            "line": 3,
            "column": 37
          },
          "end": {
            "line": 35,
            "column": 1
          }
        },
        "line": 3
      },
      "1": {
        "name": "(anonymous_1)",
        "decl": {
          "start": {
            "line": 25,
            "column": 48
          },
          "end": {
            "line": 25,
            "column": 49
          }
        },
        "loc": {
          "start": {
            "line": 25,
            "column": 54
          },
          "end": {
            "line": 25,
            "column": 78
          }
        },
        "line": 25
      }
    },
    "branchMap": {
      "0": {
        "loc": {
          "start": {
            "line": 6,
            "column": 2
          },
          "end": {
            "line": 11,
            "column": 13
          }
        },
        "type": "if",
        "locations": [
          {
            "start": {
              "line": 6,
              "column": 2
            },
            "end": {
              "line": 11,
              "column": 13
            }
          },
          {
            "start": {},
            "end": {}
          }
        ],
        "line": 6
      },
      "1": {
        "loc": {
          "start": {
            "line": 13,
            "column": 4
          },
          "end": {
            "line": 24,
            "column": 12
          }
        },
        "type": "cond-expr",
        "locations": [
          {
            "start": {
              "line": 13,
              "column": 33
            },
            "end": {
              "line": 17,
              "column": 12
            }
          },
          {
            "start": {
              "line": 17,
              "column": 31
            },
            "end": {
              "line": 24,
              "column": 12
            }
          }
        ],
        "line": 13
      },
      "2": {
        "loc": {
          "start": {
            "line": 25,
            "column": 90
          },
          "end": {
            "line": 25,
            "column": 128
          }
        },
        "type": "cond-expr",
        "locations": [
          {
            "start": {
              "line": 25,
              "column": 103
            },
            "end": {
              "line": 25,
              "column": 114
            }
          },
          {
            "start": {
              "line": 25,
              "column": 117
            },
            "end": {
              "line": 25,
              "column": 128
            }
          }
        ],
        "line": 25
      }
    },
    "s": {
      "0": 10,
      "1": 42,
      "2": 42,
      "3": 42,
      "4": 10,
      "5": 32,
      "6": 14
    },
    "f": {
      "0": 42,
      "1": 14
    },
    "b": {
      "0": [
        10,
        32
      ],
      "1": [
        10,
        22
      ],
      "2": [
        10,
        22
      ]
    },
    "inputSourceMap": {
      "version": 3,
      "sources": [
        "C:/Users/38163/react-testing-starter/src/components/ExpandableText.tsx"
      ],
      "mappings": "AAMmC;AANnC,SAAS,gBAAgB;AAEzB,MAAM,iBAAiB,CAAC,EAAE,KAAK,MAAwB;AACrD,QAAM,QAAQ;AACd,QAAM,CAAC,YAAY,WAAW,IAAI,SAAS,KAAK;AAEhD,MAAI,KAAK,UAAU;AAAO,WAAO,uBAAC,aAAS,kBAAV;AAAA;AAAA;AAAA;AAAA,WAAe;AAEhD,SACE,uBAAC,SACE;AAAA,iBACC,uBAAC,aAAS,kBAAV;AAAA;AAAA;AAAA;AAAA,WAAe,IAEf,uBAAC,aAAS;AAAA,WAAK,UAAU,GAAG,KAAK;AAAA,MAAE;AAAA,SAAnC;AAAA;AAAA;AAAA;AAAA,WAAsC;AAAA,IAExC,uBAAC,YAAO,SAAS,MAAM,YAAY,CAAC,UAAU,GAC3C,uBAAa,cAAc,eAD9B;AAAA;AAAA;AAAA;AAAA,WAEA;AAAA,OARF;AAAA;AAAA;AAAA;AAAA,SASA;AAEJ;AAEA,eAAe;",
      "names": []
    },
    "_coverageSchema": "1a1c01bbd47fc00a2c39e90264f33305004495a9",
    "hash": "d2b489c3cd8c5848a3c8ffb0a4fa01c17a5636a9"
  },
  "C:/Users/38163/react-testing-starter/src/components/Greet.tsx": {
    "path": "C:/Users/38163/react-testing-starter/src/components/Greet.tsx",
    "statementMap": {
      "0": {
        "start": {
          "line": 2,
          "column": 14
        },
        "end": {
          "line": 17,
          "column": 1
        }
      },
      "1": {
        "start": {
          "line": 3,
          "column": 2
        },
        "end": {
          "line": 11,
          "column": 13
        }
      },
      "2": {
        "start": {
          "line": 4,
          "column": 4
        },
        "end": {
          "line": 11,
          "column": 13
        }
      },
      "3": {
        "start": {
          "line": 12,
          "column": 2
        },
        "end": {
          "line": 16,
          "column": 11
        }
      }
    },
    "fnMap": {
      "0": {
        "name": "(anonymous_0)",
        "decl": {
          "start": {
            "line": 2,
            "column": 14
          },
          "end": {
            "line": 2,
            "column": 15
          }
        },
        "loc": {
          "start": {
            "line": 2,
            "column": 28
          },
          "end": {
            "line": 17,
            "column": 1
          }
        },
        "line": 2
      }
    },
    "branchMap": {
      "0": {
        "loc": {
          "start": {
            "line": 3,
            "column": 2
          },
          "end": {
            "line": 11,
            "column": 13
          }
        },
        "type": "if",
        "locations": [
          {
            "start": {
              "line": 3,
              "column": 2
            },
            "end": {
              "line": 11,
              "column": 13
            }
          },
          {
            "start": {},
            "end": {}
          }
        ],
        "line": 3
      }
    },
    "s": {
      "0": 6,
      "1": 10,
      "2": 6,
      "3": 4
    },
    "f": {
      "0": 10
    },
    "b": {
      "0": [
        6,
        4
      ]
    },
    "inputSourceMap": {
      "version": 3,
      "sources": [
        "C:/Users/38163/react-testing-starter/src/components/Greet.tsx"
      ],
      "mappings": "AACmB;AADnB,MAAM,QAAQ,CAAC,EAAE,KAAK,MAAwB;AAC5C,MAAI;AAAM,WAAO,uBAAC,QAAG;AAAA;AAAA,MAAO;AAAA,SAAX;AAAA;AAAA;AAAA;AAAA,WAAgB;AAEjC,SAAO,uBAAC,YAAO,qBAAR;AAAA;AAAA;AAAA;AAAA,SAAa;AACtB;AAEA,eAAe;",
      "names": []
    },
    "_coverageSchema": "1a1c01bbd47fc00a2c39e90264f33305004495a9",
    "hash": "745066005a8c19ea620131a1579f1158ec4cb1c7"
  },
  "C:/Users/38163/react-testing-starter/src/providers/language/LanguageContext.ts": {
    "path": "C:/Users/38163/react-testing-starter/src/providers/language/LanguageContext.ts",
    "statementMap": {
      "0": {
        "start": {
          "line": 2,
          "column": 24
        },
        "end": {
          "line": 4,
          "column": 1
        }
      }
    },
    "fnMap": {},
    "branchMap": {},
    "s": {
      "0": 46
    },
    "f": {},
    "b": {},
    "inputSourceMap": {
      "version": 3,
      "sources": [
        "C:/Users/38163/react-testing-starter/src/providers/language/LanguageContext.ts"
      ],
      "mappings": "AAAA,SAAS,qBAAqB;AAS9B,MAAM,kBAAkB;AAAA,EACtB,CAAC;AACH;AAEA,eAAe;",
      "names": []
    },
    "_coverageSchema": "1a1c01bbd47fc00a2c39e90264f33305004495a9",
    "hash": "ca0ca63786f99ef7cf575184689839e90843240b"
  },
  "C:/Users/38163/react-testing-starter/src/hooks/useLanguage.ts": {
    "path": "C:/Users/38163/react-testing-starter/src/hooks/useLanguage.ts",
    "statementMap": {
      "0": {
        "start": {
          "line": 3,
          "column": 20
        },
        "end": {
          "line": 8,
          "column": 1
        }
      },
      "1": {
        "start": {
          "line": 4,
          "column": 18
        },
        "end": {
          "line": 4,
          "column": 45
        }
      },
      "2": {
        "start": {
          "line": 5,
          "column": 2
        },
        "end": {
          "line": 6,
          "column": 74
        }
      },
      "3": {
        "start": {
          "line": 6,
          "column": 4
        },
        "end": {
          "line": 6,
          "column": 74
        }
      },
      "4": {
        "start": {
          "line": 7,
          "column": 2
        },
        "end": {
          "line": 7,
          "column": 17
        }
      }
    },
    "fnMap": {
      "0": {
        "name": "(anonymous_0)",
        "decl": {
          "start": {
            "line": 3,
            "column": 20
          },
          "end": {
            "line": 3,
            "column": 21
          }
        },
        "loc": {
          "start": {
            "line": 3,
            "column": 26
          },
          "end": {
            "line": 8,
            "column": 1
          }
        },
        "line": 3
      }
    },
    "branchMap": {
      "0": {
        "loc": {
          "start": {
            "line": 5,
            "column": 2
          },
          "end": {
            "line": 6,
            "column": 74
          }
        },
        "type": "if",
        "locations": [
          {
            "start": {
              "line": 5,
              "column": 2
            },
            "end": {
              "line": 6,
              "column": 74
            }
          },
          {
            "start": {},
            "end": {}
          }
        ],
        "line": 5
      }
    },
    "s": {
      "0": 46,
      "1": 160,
      "2": 160,
      "3": 0,
      "4": 160
    },
    "f": {
      "0": 160
    },
    "b": {
      "0": [
        0,
        160
      ]
    },
    "inputSourceMap": {
      "version": 3,
      "sources": [
        "C:/Users/38163/react-testing-starter/src/hooks/useLanguage.ts"
      ],
      "mappings": "AAAA,SAAS,kBAAkB;AAC3B,OAAO,qBAAqB;AAE5B,MAAM,cAAc,MAAM;AACxB,QAAM,UAAU,WAAW,eAAe;AAC1C,MAAI,CAAC;AACH,UAAM,IAAI,MAAM,oDAAoD;AAEtE,SAAO;AACT;AAEA,eAAe;",
      "names": []
    },
    "_coverageSchema": "1a1c01bbd47fc00a2c39e90264f33305004495a9",
    "hash": "b4a82702d0ffef9f1b7dca26bf92c17f3e506d7f"
  },
  "C:/Users/38163/react-testing-starter/src/components/Label.tsx": {
    "path": "C:/Users/38163/react-testing-starter/src/components/Label.tsx",
    "statementMap": {
      "0": {
        "start": {
          "line": 4,
          "column": 14
        },
        "end": {
          "line": 12,
          "column": 1
        }
      },
      "1": {
        "start": {
          "line": 5,
          "column": 19
        },
        "end": {
          "line": 5,
          "column": 32
        }
      },
      "2": {
        "start": {
          "line": 6,
          "column": 22
        },
        "end": {
          "line": 6,
          "column": 51
        }
      },
      "3": {
        "start": {
          "line": 7,
          "column": 2
        },
        "end": {
          "line": 11,
          "column": 11
        }
      },
      "4": {
        "start": {
          "line": 3,
          "column": 20
        },
        "end": {
          "line": 3,
          "column": 97
        }
      },
      "5": {
        "start": {
          "line": 6,
          "column": 0
        },
        "end": {
          "line": 16,
          "column": 1
        }
      },
      "6": {
        "start": {
          "line": 7,
          "column": 2
        },
        "end": {
          "line": 9,
          "column": 3
        }
      },
      "7": {
        "start": {
          "line": 8,
          "column": 4
        },
        "end": {
          "line": 8,
          "column": 165
        }
      },
      "8": {
        "start": {
          "line": 10,
          "column": 2
        },
        "end": {
          "line": 10,
          "column": 39
        }
      },
      "9": {
        "start": {
          "line": 11,
          "column": 2
        },
        "end": {
          "line": 11,
          "column": 39
        }
      },
      "10": {
        "start": {
          "line": 12,
          "column": 2
        },
        "end": {
          "line": 14,
          "column": 4
        }
      },
      "11": {
        "start": {
          "line": 13,
          "column": 4
        },
        "end": {
          "line": 13,
          "column": 105
        }
      },
      "12": {
        "start": {
          "line": 15,
          "column": 2
        },
        "end": {
          "line": 15,
          "column": 75
        }
      },
      "13": {
        "start": {
          "line": 17,
          "column": 9
        },
        "end": {
          "line": 17,
          "column": 23
        }
      },
      "14": {
        "start": {
          "line": 20,
          "column": 14
        },
        "end": {
          "line": 29,
          "column": 1
        }
      },
      "15": {
        "start": {
          "line": 21,
          "column": 2
        },
        "end": {
          "line": 21,
          "column": 7
        }
      },
      "16": {
        "start": {
          "line": 22,
          "column": 19
        },
        "end": {
          "line": 22,
          "column": 32
        }
      },
      "17": {
        "start": {
          "line": 23,
          "column": 22
        },
        "end": {
          "line": 23,
          "column": 51
        }
      },
      "18": {
        "start": {
          "line": 24,
          "column": 2
        },
        "end": {
          "line": 28,
          "column": 11
        }
      },
      "19": {
        "start": {
          "line": 30,
          "column": 0
        },
        "end": {
          "line": 32,
          "column": 3
        }
      },
      "20": {
        "start": {
          "line": 31,
          "column": 2
        },
        "end": {
          "line": 31,
          "column": 23
        }
      },
      "21": {
        "start": {
          "line": 33,
          "column": 0
        },
        "end": {
          "line": 33,
          "column": 11
        }
      },
      "22": {
        "start": {
          "line": 36,
          "column": 0
        },
        "end": {
          "line": 36,
          "column": 26
        }
      },
      "23": {
        "start": {
          "line": 37,
          "column": 0
        },
        "end": {
          "line": 50,
          "column": 1
        }
      },
      "24": {
        "start": {
          "line": 38,
          "column": 2
        },
        "end": {
          "line": 38,
          "column": 39
        }
      },
      "25": {
        "start": {
          "line": 39,
          "column": 2
        },
        "end": {
          "line": 39,
          "column": 39
        }
      },
      "26": {
        "start": {
          "line": 40,
          "column": 2
        },
        "end": {
          "line": 49,
          "column": 5
        }
      },
      "27": {
        "start": {
          "line": 41,
          "column": 4
        },
        "end": {
          "line": 41,
          "column": 131
        }
      },
      "28": {
        "start": {
          "line": 42,
          "column": 4
        },
        "end": {
          "line": 48,
          "column": 7
        }
      },
      "29": {
        "start": {
          "line": 43,
          "column": 6
        },
        "end": {
          "line": 44,
          "column": 15
        }
      },
      "30": {
        "start": {
          "line": 44,
          "column": 8
        },
        "end": {
          "line": 44,
          "column": 15
        }
      },
      "31": {
        "start": {
          "line": 45,
          "column": 32
        },
        "end": {
          "line": 45,
          "column": 115
        }
      },
      "32": {
        "start": {
          "line": 46,
          "column": 6
        },
        "end": {
          "line": 47,
          "column": 54
        }
      },
      "33": {
        "start": {
          "line": 47,
          "column": 8
        },
        "end": {
          "line": 47,
          "column": 54
        }
      }
    },
    "fnMap": {
      "0": {
        "name": "(anonymous_0)",
        "decl": {
          "start": {
            "line": 4,
            "column": 14
          },
          "end": {
            "line": 4,
            "column": 15
          }
        },
        "loc": {
          "start": {
            "line": 4,
            "column": 41
          },
          "end": {
            "line": 12,
            "column": 1
          }
        },
        "line": 4
      },
      "1": {
        "name": "(anonymous_0)",
        "decl": {
          "start": {
            "line": 12,
            "column": 24
          },
          "end": {
            "line": 12,
            "column": 25
          }
        },
        "loc": {
          "start": {
            "line": 12,
            "column": 38
          },
          "end": {
            "line": 14,
            "column": 3
          }
        },
        "line": 12
      },
      "2": {
        "name": "(anonymous_1)",
        "decl": {
          "start": {
            "line": 20,
            "column": 14
          },
          "end": {
            "line": 20,
            "column": 15
          }
        },
        "loc": {
          "start": {
            "line": 20,
            "column": 41
          },
          "end": {
            "line": 29,
            "column": 1
          }
        },
        "line": 20
      },
      "3": {
        "name": "(anonymous_2)",
        "decl": {
          "start": {
            "line": 30,
            "column": 49
          },
          "end": {
            "line": 30,
            "column": 50
          }
        },
        "loc": {
          "start": {
            "line": 30,
            "column": 60
          },
          "end": {
            "line": 32,
            "column": 1
          }
        },
        "line": 30
      },
      "4": {
        "name": "(anonymous_3)",
        "decl": {
          "start": {
            "line": 40,
            "column": 52
          },
          "end": {
            "line": 40,
            "column": 53
          }
        },
        "loc": {
          "start": {
            "line": 40,
            "column": 72
          },
          "end": {
            "line": 49,
            "column": 3
          }
        },
        "line": 40
      },
      "5": {
        "name": "(anonymous_4)",
        "decl": {
          "start": {
            "line": 42,
            "column": 27
          },
          "end": {
            "line": 42,
            "column": 28
          }
        },
        "loc": {
          "start": {
            "line": 42,
            "column": 44
          },
          "end": {
            "line": 48,
            "column": 5
          }
        },
        "line": 42
      }
    },
    "branchMap": {
      "0": {
        "loc": {
          "start": {
            "line": 6,
            "column": 22
          },
          "end": {
            "line": 6,
            "column": 51
          }
        },
        "type": "binary-expr",
        "locations": [
          {
            "start": {
              "line": 6,
              "column": 22
            },
            "end": {
              "line": 6,
              "column": 30
            }
          },
          {
            "start": {
              "line": 6,
              "column": 34
            },
            "end": {
              "line": 6,
              "column": 51
            }
          }
        ],
        "line": 6
      },
      "1": {
        "loc": {
          "start": {
            "line": 3,
            "column": 20
          },
          "end": {
            "line": 3,
            "column": 97
          }
        },
        "type": "binary-expr",
        "locations": [
          {
            "start": {
              "line": 3,
              "column": 20
            },
            "end": {
              "line": 3,
              "column": 60
            }
          },
          {
            "start": {
              "line": 3,
              "column": 64
            },
            "end": {
              "line": 3,
              "column": 97
            }
          }
        ],
        "line": 3
      },
      "2": {
        "loc": {
          "start": {
            "line": 6,
            "column": 0
          },
          "end": {
            "line": 16,
            "column": 1
          }
        },
        "type": "if",
        "locations": [
          {
            "start": {
              "line": 6,
              "column": 0
            },
            "end": {
              "line": 16,
              "column": 1
            }
          },
          {
            "start": {},
            "end": {}
          }
        ],
        "line": 6
      },
      "3": {
        "loc": {
          "start": {
            "line": 6,
            "column": 4
          },
          "end": {
            "line": 6,
            "column": 35
          }
        },
        "type": "binary-expr",
        "locations": [
          {
            "start": {
              "line": 6,
              "column": 4
            },
            "end": {
              "line": 6,
              "column": 19
            }
          },
          {
            "start": {
              "line": 6,
              "column": 23
            },
            "end": {
              "line": 6,
              "column": 35
            }
          }
        ],
        "line": 6
      },
      "4": {
        "loc": {
          "start": {
            "line": 7,
            "column": 2
          },
          "end": {
            "line": 9,
            "column": 3
          }
        },
        "type": "if",
        "locations": [
          {
            "start": {
              "line": 7,
              "column": 2
            },
            "end": {
              "line": 9,
              "column": 3
            }
          },
          {
            "start": {},
            "end": {}
          }
        ],
        "line": 7
      },
      "5": {
        "loc": {
          "start": {
            "line": 23,
            "column": 22
          },
          "end": {
            "line": 23,
            "column": 51
          }
        },
        "type": "binary-expr",
        "locations": [
          {
            "start": {
              "line": 23,
              "column": 22
            },
            "end": {
              "line": 23,
              "column": 30
            }
          },
          {
            "start": {
              "line": 23,
              "column": 34
            },
            "end": {
              "line": 23,
              "column": 51
            }
          }
        ],
        "line": 23
      },
      "6": {
        "loc": {
          "start": {
            "line": 37,
            "column": 0
          },
          "end": {
            "line": 50,
            "column": 1
          }
        },
        "type": "if",
        "locations": [
          {
            "start": {
              "line": 37,
              "column": 0
            },
            "end": {
              "line": 50,
              "column": 1
            }
          },
          {
            "start": {},
            "end": {}
          }
        ],
        "line": 37
      },
      "7": {
        "loc": {
          "start": {
            "line": 37,
            "column": 4
          },
          "end": {
            "line": 37,
            "column": 35
          }
        },
        "type": "binary-expr",
        "locations": [
          {
            "start": {
              "line": 37,
              "column": 4
            },
            "end": {
              "line": 37,
              "column": 19
            }
          },
          {
            "start": {
              "line": 37,
              "column": 23
            },
            "end": {
              "line": 37,
              "column": 35
            }
          }
        ],
        "line": 37
      },
      "8": {
        "loc": {
          "start": {
            "line": 43,
            "column": 6
          },
          "end": {
            "line": 44,
            "column": 15
          }
        },
        "type": "if",
        "locations": [
          {
            "start": {
              "line": 43,
              "column": 6
            },
            "end": {
              "line": 44,
              "column": 15
            }
          },
          {
            "start": {},
            "end": {}
          }
        ],
        "line": 43
      },
      "9": {
        "loc": {
          "start": {
            "line": 46,
            "column": 6
          },
          "end": {
            "line": 47,
            "column": 54
          }
        },
        "type": "if",
        "locations": [
          {
            "start": {
              "line": 46,
              "column": 6
            },
            "end": {
              "line": 47,
              "column": 54
            }
          },
          {
            "start": {},
            "end": {}
          }
        ],
        "line": 46
      }
    },
    "s": {
      "0": 10,
      "1": 28,
      "2": 64,
      "3": 64,
      "4": 36,
      "5": 36,
      "6": 64,
      "7": 28,
      "8": 64,
      "9": 46,
      "10": 36,
      "11": 36,
      "12": 36,
      "13": 36,
      "14": 36,
      "15": 54,
      "16": 54,
      "17": 54,
      "18": 54,
      "19": 36,
      "20": 24,
      "21": 36,
      "22": 36,
      "23": 36,
      "24": 36,
      "25": 36,
      "26": 36,
      "27": 36,
      "28": 36,
      "29": 0,
      "30": 0,
      "31": 0,
      "32": 0,
      "33": 0
    },
    "f": {
      "0": 28,
      "1": 36,
      "2": 54,
      "3": 24,
      "4": 36,
      "5": 0
    },
    "b": {
      "0": [
        64,
        0
      ],
      "1": [
        36,
        0
      ],
      "2": [
        36,
        0
      ],
      "3": [
        36,
        36
      ],
      "4": [
        0,
        36
      ],
      "5": [
        54,
        54
      ],
      "6": [
        36,
        0
      ],
      "7": [
        36,
        36
      ],
      "8": [
        0,
        0
      ],
      "9": [
        0,
        0
      ]
    },
    "inputSourceMap": {
      "version": 3,
      "sources": [
        "C:/Users/38163/react-testing-starter/src/components/Label.tsx"
      ],
      "mappings": "AAYS;AAZT,SAAS,YAAY;AACrB,OAAO,iBAAiB;AAOxB,MAAM,QAAQ,CAAC,EAAE,SAAS,SAAS,MAAkB;AACnD,QAAM,WAAW,YAAY;AAC7B,QAAM,cAAc,YAAY,SAAS;AAEzC,SAAO,uBAAC,QAAM,sBAAY,OAAO,KAA1B;AAAA;AAAA;AAAA;AAAA,SAA4B;AACrC;AAEA,eAAe;",
      "names": []
    },
    "_coverageSchema": "1a1c01bbd47fc00a2c39e90264f33305004495a9",
    "hash": "8b9a2175a065348de0dcfb5f3857e570dfed7918"
  },
  "C:/Users/38163/react-testing-starter/src/components/LoginButton.tsx": {
    "path": "C:/Users/38163/react-testing-starter/src/components/LoginButton.tsx",
    "statementMap": {
      "0": {
        "start": {
          "line": 4,
          "column": 20
        },
        "end": {
          "line": 11,
          "column": 1
        }
      },
      "1": {
        "start": {
          "line": 5,
          "column": 32
        },
        "end": {
          "line": 5,
          "column": 42
        }
      },
      "2": {
        "start": {
          "line": 6,
          "column": 2
        },
        "end": {
          "line": 10,
          "column": 11
        }
      },
      "3": {
        "start": {
          "line": 6,
          "column": 57
        },
        "end": {
          "line": 6,
          "column": 76
        }
      },
      "4": {
        "start": {
          "line": 3,
          "column": 20
        },
        "end": {
          "line": 3,
          "column": 97
        }
      },
      "5": {
        "start": {
          "line": 6,
          "column": 0
        },
        "end": {
          "line": 16,
          "column": 1
        }
      },
      "6": {
        "start": {
          "line": 7,
          "column": 2
        },
        "end": {
          "line": 9,
          "column": 3
        }
      },
      "7": {
        "start": {
          "line": 8,
          "column": 4
        },
        "end": {
          "line": 8,
          "column": 165
        }
      },
      "8": {
        "start": {
          "line": 10,
          "column": 2
        },
        "end": {
          "line": 10,
          "column": 39
        }
      },
      "9": {
        "start": {
          "line": 11,
          "column": 2
        },
        "end": {
          "line": 11,
          "column": 39
        }
      },
      "10": {
        "start": {
          "line": 12,
          "column": 2
        },
        "end": {
          "line": 14,
          "column": 4
        }
      },
      "11": {
        "start": {
          "line": 13,
          "column": 4
        },
        "end": {
          "line": 13,
          "column": 111
        }
      },
      "12": {
        "start": {
          "line": 15,
          "column": 2
        },
        "end": {
          "line": 15,
          "column": 75
        }
      },
      "13": {
        "start": {
          "line": 17,
          "column": 9
        },
        "end": {
          "line": 17,
          "column": 23
        }
      },
      "14": {
        "start": {
          "line": 20,
          "column": 20
        },
        "end": {
          "line": 28,
          "column": 1
        }
      },
      "15": {
        "start": {
          "line": 21,
          "column": 2
        },
        "end": {
          "line": 21,
          "column": 7
        }
      },
      "16": {
        "start": {
          "line": 22,
          "column": 32
        },
        "end": {
          "line": 22,
          "column": 42
        }
      },
      "17": {
        "start": {
          "line": 23,
          "column": 2
        },
        "end": {
          "line": 27,
          "column": 11
        }
      },
      "18": {
        "start": {
          "line": 23,
          "column": 57
        },
        "end": {
          "line": 23,
          "column": 76
        }
      },
      "19": {
        "start": {
          "line": 29,
          "column": 0
        },
        "end": {
          "line": 31,
          "column": 3
        }
      },
      "20": {
        "start": {
          "line": 30,
          "column": 2
        },
        "end": {
          "line": 30,
          "column": 20
        }
      },
      "21": {
        "start": {
          "line": 32,
          "column": 0
        },
        "end": {
          "line": 32,
          "column": 17
        }
      },
      "22": {
        "start": {
          "line": 35,
          "column": 0
        },
        "end": {
          "line": 35,
          "column": 32
        }
      },
      "23": {
        "start": {
          "line": 36,
          "column": 0
        },
        "end": {
          "line": 49,
          "column": 1
        }
      },
      "24": {
        "start": {
          "line": 37,
          "column": 2
        },
        "end": {
          "line": 37,
          "column": 39
        }
      },
      "25": {
        "start": {
          "line": 38,
          "column": 2
        },
        "end": {
          "line": 38,
          "column": 39
        }
      },
      "26": {
        "start": {
          "line": 39,
          "column": 2
        },
        "end": {
          "line": 48,
          "column": 5
        }
      },
      "27": {
        "start": {
          "line": 40,
          "column": 4
        },
        "end": {
          "line": 40,
          "column": 137
        }
      },
      "28": {
        "start": {
          "line": 41,
          "column": 4
        },
        "end": {
          "line": 47,
          "column": 7
        }
      },
      "29": {
        "start": {
          "line": 42,
          "column": 6
        },
        "end": {
          "line": 43,
          "column": 15
        }
      },
      "30": {
        "start": {
          "line": 43,
          "column": 8
        },
        "end": {
          "line": 43,
          "column": 15
        }
      },
      "31": {
        "start": {
          "line": 44,
          "column": 32
        },
        "end": {
          "line": 44,
          "column": 115
        }
      },
      "32": {
        "start": {
          "line": 45,
          "column": 6
        },
        "end": {
          "line": 46,
          "column": 54
        }
      },
      "33": {
        "start": {
          "line": 46,
          "column": 8
        },
        "end": {
          "line": 46,
          "column": 54
        }
      }
    },
    "fnMap": {
      "0": {
        "name": "(anonymous_0)",
        "decl": {
          "start": {
            "line": 4,
            "column": 20
          },
          "end": {
            "line": 4,
            "column": 21
          }
        },
        "loc": {
          "start": {
            "line": 4,
            "column": 26
          },
          "end": {
            "line": 11,
            "column": 1
          }
        },
        "line": 4
      },
      "1": {
        "name": "(anonymous_1)",
        "decl": {
          "start": {
            "line": 6,
            "column": 51
          },
          "end": {
            "line": 6,
            "column": 52
          }
        },
        "loc": {
          "start": {
            "line": 6,
            "column": 57
          },
          "end": {
            "line": 6,
            "column": 76
          }
        },
        "line": 6
      },
      "2": {
        "name": "(anonymous_0)",
        "decl": {
          "start": {
            "line": 12,
            "column": 24
          },
          "end": {
            "line": 12,
            "column": 25
          }
        },
        "loc": {
          "start": {
            "line": 12,
            "column": 38
          },
          "end": {
            "line": 14,
            "column": 3
          }
        },
        "line": 12
      },
      "3": {
        "name": "(anonymous_1)",
        "decl": {
          "start": {
            "line": 20,
            "column": 20
          },
          "end": {
            "line": 20,
            "column": 21
          }
        },
        "loc": {
          "start": {
            "line": 20,
            "column": 26
          },
          "end": {
            "line": 28,
            "column": 1
          }
        },
        "line": 20
      },
      "4": {
        "name": "(anonymous_2)",
        "decl": {
          "start": {
            "line": 23,
            "column": 51
          },
          "end": {
            "line": 23,
            "column": 52
          }
        },
        "loc": {
          "start": {
            "line": 23,
            "column": 57
          },
          "end": {
            "line": 23,
            "column": 76
          }
        },
        "line": 23
      },
      "5": {
        "name": "(anonymous_3)",
        "decl": {
          "start": {
            "line": 29,
            "column": 55
          },
          "end": {
            "line": 29,
            "column": 56
          }
        },
        "loc": {
          "start": {
            "line": 29,
            "column": 66
          },
          "end": {
            "line": 31,
            "column": 1
          }
        },
        "line": 29
      },
      "6": {
        "name": "(anonymous_4)",
        "decl": {
          "start": {
            "line": 39,
            "column": 52
          },
          "end": {
            "line": 39,
            "column": 53
          }
        },
        "loc": {
          "start": {
            "line": 39,
            "column": 72
          },
          "end": {
            "line": 48,
            "column": 3
          }
        },
        "line": 39
      },
      "7": {
        "name": "(anonymous_5)",
        "decl": {
          "start": {
            "line": 41,
            "column": 27
          },
          "end": {
            "line": 41,
            "column": 28
          }
        },
        "loc": {
          "start": {
            "line": 41,
            "column": 44
          },
          "end": {
            "line": 47,
            "column": 5
          }
        },
        "line": 41
      }
    },
    "branchMap": {
      "0": {
        "loc": {
          "start": {
            "line": 3,
            "column": 20
          },
          "end": {
            "line": 3,
            "column": 97
          }
        },
        "type": "binary-expr",
        "locations": [
          {
            "start": {
              "line": 3,
              "column": 20
            },
            "end": {
              "line": 3,
              "column": 60
            }
          },
          {
            "start": {
              "line": 3,
              "column": 64
            },
            "end": {
              "line": 3,
              "column": 97
            }
          }
        ],
        "line": 3
      },
      "1": {
        "loc": {
          "start": {
            "line": 6,
            "column": 0
          },
          "end": {
            "line": 16,
            "column": 1
          }
        },
        "type": "if",
        "locations": [
          {
            "start": {
              "line": 6,
              "column": 0
            },
            "end": {
              "line": 16,
              "column": 1
            }
          },
          {
            "start": {},
            "end": {}
          }
        ],
        "line": 6
      },
      "2": {
        "loc": {
          "start": {
            "line": 6,
            "column": 4
          },
          "end": {
            "line": 6,
            "column": 35
          }
        },
        "type": "binary-expr",
        "locations": [
          {
            "start": {
              "line": 6,
              "column": 4
            },
            "end": {
              "line": 6,
              "column": 19
            }
          },
          {
            "start": {
              "line": 6,
              "column": 23
            },
            "end": {
              "line": 6,
              "column": 35
            }
          }
        ],
        "line": 6
      },
      "3": {
        "loc": {
          "start": {
            "line": 7,
            "column": 2
          },
          "end": {
            "line": 9,
            "column": 3
          }
        },
        "type": "if",
        "locations": [
          {
            "start": {
              "line": 7,
              "column": 2
            },
            "end": {
              "line": 9,
              "column": 3
            }
          },
          {
            "start": {},
            "end": {}
          }
        ],
        "line": 7
      },
      "4": {
        "loc": {
          "start": {
            "line": 36,
            "column": 0
          },
          "end": {
            "line": 49,
            "column": 1
          }
        },
        "type": "if",
        "locations": [
          {
            "start": {
              "line": 36,
              "column": 0
            },
            "end": {
              "line": 49,
              "column": 1
            }
          },
          {
            "start": {},
            "end": {}
          }
        ],
        "line": 36
      },
      "5": {
        "loc": {
          "start": {
            "line": 36,
            "column": 4
          },
          "end": {
            "line": 36,
            "column": 35
          }
        },
        "type": "binary-expr",
        "locations": [
          {
            "start": {
              "line": 36,
              "column": 4
            },
            "end": {
              "line": 36,
              "column": 19
            }
          },
          {
            "start": {
              "line": 36,
              "column": 23
            },
            "end": {
              "line": 36,
              "column": 35
            }
          }
        ],
        "line": 36
      },
      "6": {
        "loc": {
          "start": {
            "line": 42,
            "column": 6
          },
          "end": {
            "line": 43,
            "column": 15
          }
        },
        "type": "if",
        "locations": [
          {
            "start": {
              "line": 42,
              "column": 6
            },
            "end": {
              "line": 43,
              "column": 15
            }
          },
          {
            "start": {},
            "end": {}
          }
        ],
        "line": 42
      },
      "7": {
        "loc": {
          "start": {
            "line": 45,
            "column": 6
          },
          "end": {
            "line": 46,
            "column": 54
          }
        },
        "type": "if",
        "locations": [
          {
            "start": {
              "line": 45,
              "column": 6
            },
            "end": {
              "line": 46,
              "column": 54
            }
          },
          {
            "start": {},
            "end": {}
          }
        ],
        "line": 45
      }
    },
    "s": {
      "0": 4,
      "1": 4,
      "2": 40,
      "3": 40,
      "4": 36,
      "5": 36,
      "6": 40,
      "7": 4,
      "8": 40,
      "9": 36,
      "10": 36,
      "11": 36,
      "12": 36,
      "13": 36,
      "14": 36,
      "15": 72,
      "16": 72,
      "17": 72,
      "18": 3,
      "19": 36,
      "20": 36,
      "21": 36,
      "22": 36,
      "23": 36,
      "24": 36,
      "25": 36,
      "26": 36,
      "27": 36,
      "28": 36,
      "29": 0,
      "30": 0,
      "31": 0,
      "32": 0,
      "33": 0
    },
    "f": {
      "0": 4,
      "1": 4,
      "2": 36,
      "3": 72,
      "4": 3,
      "5": 36,
      "6": 36,
      "7": 0
    },
    "b": {
      "0": [
        36,
        0
      ],
      "1": [
        36,
        0
      ],
      "2": [
        36,
        36
      ],
      "3": [
        0,
        36
      ],
      "4": [
        36,
        0
      ],
      "5": [
        36,
        36
      ],
      "6": [
        0,
        0
      ],
      "7": [
        0,
        0
      ]
    },
    "inputSourceMap": {
      "version": 3,
      "sources": [
        "C:/Users/38163/react-testing-starter/src/components/LoginButton.tsx"
      ],
      "mappings": "AAMS;AANT,SAAS,gBAAgB;AACzB,SAAS,cAAc;AAEvB,MAAM,cAAc,MAAM;AACxB,QAAM,EAAE,kBAAkB,IAAI,SAAS;AAEvC,SAAO,uBAAC,UAAO,SAAS,MAAM,kBAAkB,GAAG,sBAA5C;AAAA;AAAA;AAAA;AAAA,SAAkD;AAC3D;AAEA,eAAe;",
      "names": []
    },
    "_coverageSchema": "1a1c01bbd47fc00a2c39e90264f33305004495a9",
    "hash": "320f7fe7cb87bdcd562d326f811f5891e8b00f17"
  },
  "C:/Users/38163/react-testing-starter/src/components/LogoutButton.tsx": {
    "path": "C:/Users/38163/react-testing-starter/src/components/LogoutButton.tsx",
    "statementMap": {
      "0": {
        "start": {
          "line": 4,
          "column": 21
        },
        "end": {
          "line": 23,
          "column": 1
        }
      },
      "1": {
        "start": {
          "line": 5,
          "column": 21
        },
        "end": {
          "line": 5,
          "column": 31
        }
      },
      "2": {
        "start": {
          "line": 6,
          "column": 2
        },
        "end": {
          "line": 22,
          "column": 4
        }
      },
      "3": {
        "start": {
          "line": 11,
          "column": 21
        },
        "end": {
          "line": 11,
          "column": 83
        }
      },
      "4": {
        "start": {
          "line": 3,
          "column": 20
        },
        "end": {
          "line": 3,
          "column": 97
        }
      },
      "5": {
        "start": {
          "line": 6,
          "column": 0
        },
        "end": {
          "line": 16,
          "column": 1
        }
      },
      "6": {
        "start": {
          "line": 7,
          "column": 2
        },
        "end": {
          "line": 9,
          "column": 3
        }
      },
      "7": {
        "start": {
          "line": 8,
          "column": 4
[...]
            "column": 62
          },
          "end": {
            "line": 23,
            "column": 63
          }
        },
        "loc": {
          "start": {
            "line": 23,
            "column": 68
          },
          "end": {
            "line": 130,
            "column": 1
          }
        },
        "line": 23
      },
      "2": {
        "name": "(anonymous_2)",
        "decl": {
          "start": {
            "line": 26,
            "column": 25
          },
          "end": {
            "line": 26,
            "column": 26
          }
        },
        "loc": {
          "start": {
            "line": 26,
            "column": 31
          },
          "end": {
            "line": 108,
            "column": 3
          }
        },
        "line": 26
      },
      "3": {
        "name": "(anonymous_3)",
        "decl": {
          "start": {
            "line": 70,
            "column": 8
          },
          "end": {
            "line": 70,
            "column": 9
          }
        },
        "loc": {
          "start": {
            "line": 70,
            "column": 37
          },
          "end": {
            "line": 97,
            "column": 16
          }
        },
        "line": 70
      },
      "4": {
        "name": "(anonymous_4)",
        "decl": {
          "start": {
            "line": 130,
            "column": 42
          },
          "end": {
            "line": 130,
            "column": 43
          }
        },
        "loc": {
          "start": {
            "line": 130,
            "column": 53
          },
          "end": {
            "line": 132,
            "column": 1
          }
        },
        "line": 130
      },
      "5": {
        "name": "(anonymous_5)",
        "decl": {
          "start": {
            "line": 132,
            "column": 44
          },
          "end": {
            "line": 132,
            "column": 45
          }
        },
        "loc": {
          "start": {
            "line": 132,
            "column": 55
          },
          "end": {
            "line": 134,
            "column": 1
          }
        },
        "line": 132
      },
      "6": {
        "name": "(anonymous_6)",
        "decl": {
          "start": {
            "line": 136,
            "column": 20
          },
          "end": {
            "line": 136,
            "column": 21
          }
        },
        "loc": {
          "start": {
            "line": 136,
            "column": 26
          },
          "end": {
            "line": 142,
            "column": 1
          }
        },
        "line": 136
      },
      "7": {
        "name": "(anonymous_7)",
        "decl": {
          "start": {
            "line": 140,
            "column": 13
          },
          "end": {
            "line": 140,
            "column": 14
          }
        },
        "loc": {
          "start": {
            "line": 140,
            "column": 19
          },
          "end": {
            "line": 140,
            "column": 65
          }
        },
        "line": 140
      },
      "8": {
        "name": "(anonymous_8)",
        "decl": {
          "start": {
            "line": 140,
            "column": 47
          },
          "end": {
            "line": 140,
            "column": 48
          }
        },
        "loc": {
          "start": {
            "line": 140,
            "column": 56
          },
          "end": {
            "line": 140,
            "column": 64
          }
        },
        "line": 140
      },
      "9": {
        "name": "(anonymous_9)",
        "decl": {
          "start": {
            "line": 143,
            "column": 56
          },
          "end": {
            "line": 143,
            "column": 57
          }
        },
        "loc": {
          "start": {
            "line": 143,
            "column": 67
          },
          "end": {
            "line": 145,
            "column": 1
          }
        },
        "line": 143
      },
      "10": {
        "name": "(anonymous_10)",
        "decl": {
          "start": {
            "line": 153,
            "column": 52
          },
          "end": {
            "line": 153,
            "column": 53
          }
        },
        "loc": {
          "start": {
            "line": 153,
            "column": 72
          },
          "end": {
            "line": 162,
            "column": 3
          }
        },
        "line": 153
      },
      "11": {
        "name": "(anonymous_11)",
        "decl": {
          "start": {
            "line": 155,
            "column": 27
          },
          "end": {
            "line": 155,
            "column": 28
          }
        },
        "loc": {
          "start": {
            "line": 155,
            "column": 44
          },
          "end": {
            "line": 161,
            "column": 5
          }
        },
        "line": 155
      }
    },
    "branchMap": {
      "0": {
        "loc": {
          "start": {
            "line": 3,
            "column": 20
          },
          "end": {
            "line": 3,
            "column": 97
          }
        },
        "type": "binary-expr",
        "locations": [
          {
            "start": {
              "line": 3,
              "column": 20
            },
            "end": {
              "line": 3,
              "column": 60
            }
          },
          {
            "start": {
              "line": 3,
              "column": 64
            },
            "end": {
              "line": 3,
              "column": 97
            }
          }
        ],
        "line": 3
      },
      "1": {
        "loc": {
          "start": {
            "line": 6,
            "column": 0
          },
          "end": {
            "line": 16,
            "column": 1
          }
        },
        "type": "if",
        "locations": [
          {
            "start": {
              "line": 6,
              "column": 0
            },
            "end": {
              "line": 16,
              "column": 1
            }
          },
          {
            "start": {},
            "end": {}
          }
        ],
        "line": 6
      },
      "2": {
        "loc": {
          "start": {
            "line": 6,
            "column": 4
          },
          "end": {
            "line": 6,
            "column": 35
          }
        },
        "type": "binary-expr",
        "locations": [
          {
            "start": {
              "line": 6,
              "column": 4
            },
            "end": {
              "line": 6,
              "column": 19
            }
          },
          {
            "start": {
              "line": 6,
              "column": 23
            },
            "end": {
              "line": 6,
              "column": 35
            }
          }
        ],
        "line": 6
      },
      "3": {
        "loc": {
          "start": {
            "line": 7,
            "column": 2
          },
          "end": {
            "line": 9,
            "column": 3
          }
        },
        "type": "if",
        "locations": [
          {
            "start": {
              "line": 7,
              "column": 2
            },
            "end": {
              "line": 9,
              "column": 3
            }
          },
          {
            "start": {},
            "end": {}
          }
        ],
        "line": 7
      },
      "4": {
        "loc": {
          "start": {
            "line": 27,
            "column": 4
          },
          "end": {
            "line": 32,
            "column": 15
          }
        },
        "type": "if",
        "locations": [
          {
            "start": {
              "line": 27,
              "column": 4
            },
            "end": {
              "line": 32,
              "column": 15
            }
          },
          {
            "start": {},
            "end": {}
          }
        ],
        "line": 27
      },
      "5": {
        "loc": {
          "start": {
            "line": 33,
            "column": 4
          },
          "end": {
            "line": 41,
            "column": 15
          }
        },
        "type": "if",
        "locations": [
          {
            "start": {
              "line": 33,
              "column": 4
            },
            "end": {
              "line": 41,
              "column": 15
            }
          },
          {
            "start": {},
            "end": {}
          }
        ],
        "line": 33
      },
      "6": {
        "loc": {
          "start": {
            "line": 42,
            "column": 4
          },
          "end": {
            "line": 47,
            "column": 15
          }
        },
        "type": "if",
        "locations": [
          {
            "start": {
              "line": 42,
              "column": 4
            },
            "end": {
              "line": 47,
              "column": 15
            }
          },
          {
            "start": {},
            "end": {}
          }
        ],
        "line": 42
      },
      "7": {
        "loc": {
          "start": {
            "line": 150,
            "column": 0
          },
          "end": {
            "line": 163,
            "column": 1
          }
        },
        "type": "if",
        "locations": [
          {
            "start": {
              "line": 150,
              "column": 0
            },
            "end": {
              "line": 163,
              "column": 1
            }
          },
          {
            "start": {},
            "end": {}
          }
        ],
        "line": 150
      },
      "8": {
        "loc": {
          "start": {
            "line": 150,
            "column": 4
          },
          "end": {
            "line": 150,
            "column": 35
          }
        },
        "type": "binary-expr",
        "locations": [
          {
            "start": {
              "line": 150,
              "column": 4
            },
            "end": {
              "line": 150,
              "column": 19
            }
          },
          {
            "start": {
              "line": 150,
              "column": 23
            },
            "end": {
              "line": 150,
              "column": 35
            }
          }
        ],
        "line": 150
      },
      "9": {
        "loc": {
          "start": {
            "line": 156,
            "column": 6
          },
          "end": {
            "line": 157,
            "column": 15
          }
        },
        "type": "if",
        "locations": [
          {
            "start": {
              "line": 156,
              "column": 6
            },
            "end": {
              "line": 157,
              "column": 15
            }
          },
          {
            "start": {},
            "end": {}
          }
        ],
        "line": 156
      },
      "10": {
        "loc": {
          "start": {
            "line": 159,
            "column": 6
          },
          "end": {
            "line": 160,
            "column": 54
          }
        },
        "type": "if",
        "locations": [
          {
            "start": {
              "line": 159,
              "column": 6
            },
            "end": {
              "line": 160,
              "column": 54
            }
          },
          {
            "start": {},
            "end": {}
          }
        ],
        "line": 159
      }
    },
    "s": {
      "0": 36,
      "1": 36,
      "2": 36,
      "3": 0,
      "4": 36,
      "5": 36,
      "6": 36,
      "7": 72,
      "8": 36,
      "9": 36,
      "10": 36,
      "11": 36,
      "12": 0,
      "13": 0,
      "14": 0,
      "15": 0,
      "16": 0,
      "17": 0,
      "18": 0,
      "19": 0,
      "20": 0,
      "21": 0,
      "22": 0,
      "23": 0,
      "24": 0,
      "25": 0,
      "26": 36,
      "27": 36,
      "28": 0,
      "29": 0,
      "30": 0,
      "31": 0,
      "32": 36,
      "33": 0,
      "34": 36,
      "35": 36,
      "36": 36,
      "37": 36,
      "38": 36,
      "39": 36,
      "40": 36,
      "41": 36,
      "42": 0,
      "43": 0,
      "44": 0,
      "45": 0,
      "46": 0
    },
    "f": {
      "0": 72,
      "1": 0,
      "2": 0,
      "3": 0,
      "4": 0,
      "5": 0,
      "6": 0,
      "7": 0,
      "8": 0,
      "9": 0,
      "10": 36,
      "11": 0
    },
    "b": {
      "0": [
        36,
        0
      ],
      "1": [
        36,
        0
      ],
      "2": [
        36,
        36
      ],
      "3": [
        0,
        36
      ],
      "4": [
        0,
        0
      ],
      "5": [
        0,
        0
      ],
      "6": [
        0,
        0
      ],
      "7": [
        36,
        0
      ],
      "8": [
        36,
        36
      ],
      "9": [
        0,
        0
      ],
      "10": [
        0,
        0
      ]
    },
    "inputSourceMap": {
      "version": 3,
      "mappings": "AAW0B;;AAX1B,oBAASA,6BAAkC,eAAoB;AAAA;AAAA;AAAA;AAAA;AAAA;AAAA;AAAA;AAAA;AAAA;AAAA;AAAA;AAAA;AAAA;AAAA;AAAA;AAC/D,SAASC,QAAQC,aAAa;AAC9B,OAAOC,WAAW;AAClB,SAASC,gBAAgB;AACzB,SAASC,YAAY;AAGrB,MAAMC,kBAAeC,GAAGP,2BAA0BQ,KAAAD,GAAC,MAAM;AAAAA,KAAA;AACvD,QAAM,EAAEE,MAAMC,UAAUC,WAAWC,MAAM,IAAIC,YAAY;AAEzD,QAAMC,iBAAiBA,MAAM;AAC3B,QAAIH;AAAW,aAAO,uBAAC,SAAI,0BAAL;AAAA;AAAA;AAAA;AAAA,aAAe;AAErC,QAAIC;AAAO,aAAO,uBAAC,SAAI;AAAA;AAAA,QAAQA,MAAMG;AAAAA,WAAnB;AAAA;AAAA;AAAA;AAAA,aAA2B;AAE7C,QAAIL,SAAUM,WAAW;AAAG,aAAO,uBAAC,OAAE,qCAAH;AAAA;AAAA;AAAA;AAAA,aAAwB;AAE3D,WACE,uBAAC,MAAM,MAAN,EACC;AAAA,6BAAC,MAAM,QAAN,EACC,iCAAC,MAAM,KAAN,EACC;AAAA,+BAAC,MAAM,kBAAN,EAAuB,oBAAxB;AAAA;AAAA;AAAA;AAAA,eAA4B;AAAA,QAC5B,uBAAC,MAAM,kBAAN,IAAD;AAAA;AAAA;AAAA;AAAA,eAAwB;AAAA,WAF1B;AAAA;AAAA;AAAA;AAAA,aAGA,KAJF;AAAA;AAAA;AAAA;AAAA,aAKA;AAAA,MACA,uBAAC,MAAM,MAAN,EACEN,mBAAUO;AAAAA,QAAI,CAACC,YACd,uBAAC,MAAM,KAAN,EACC;AAAA,iCAAC,MAAM,MAAN,EAAYA,kBAAQC,QAArB;AAAA;AAAA;AAAA;AAAA,iBAA0B;AAAA,UAC1B,uBAAC,MAAM,MAAN,EAAW;AAAA;AAAA,YAAED,QAAQE;AAAAA,eAAtB;AAAA;AAAA;AAAA;AAAA,iBAA4B;AAAA,UAC5B,uBAAC,MAAM,MAAN,EACC,iCAAC,QAAK,IAAI,mBAAmBF,QAAQG,EAAE,SAAS,oBAAhD;AAAA;AAAA;AAAA;AAAA,iBAAoD,KADtD;AAAA;AAAA;AAAA;AAAA,iBAEA;AAAA,aALcH,QAAQG,IAAxB;AAAA;AAAA;AAAA;AAAA,eAMA;AAAA,MACD,KATH;AAAA;AAAA;AAAA;AAAA,aAUA;AAAA,SAjBF;AAAA;AAAA;AAAA;AAAA,WAkBA;AAAA,EAEJ;AAEA,SACE,uBAAC,SACC;AAAA,2BAAC,QAAG,wBAAJ;AAAA;AAAA;AAAA;AAAA,WAAY;AAAA,IACZ,uBAAC,QAAK,IAAG,OACP,iCAAC,UAAO,2BAAR;AAAA;AAAA;AAAA;AAAA,WAAmB,KADrB;AAAA;AAAA;AAAA;AAAA,WAEA;AAAA,IACCP,eAAe;AAAA,OALlB;AAAA;AAAA;AAAA;AAAA,SAMA;AAEJ,GAAC;AAAA,UAzC8CD,WAAW;AAAA,EAyCzD,GAAC;AAAA,UAzC6CA,WAAW;AAAA;AAyCvDS,MA1CGhB;AA4CN,MAAMO,cAAcA,MAAA;AAAAU,MAAA;AAAA,SAClBnB,SAA2B;AAAA,IACzBoB,UAAU,CAAC,UAAU;AAAA,IACrBC,SAASA,MAAMtB,MAAMuB,IAAI,WAAW,EAAEC,KAAK,CAACC,QAAQA,IAAInB,IAAI;AAAA,EAC9D,CAAC;AAAC;AAACc,IAJCV,aAAW;AAAA,UACfT,QAAQ;AAAA;AAKV,eAAeE;AAAgB,IAAAE,IAAAc;AAAAO,aAAArB,IAAA;AAAAqB,aAAAP,KAAA",
      "names": [
        "withAuthenticationRequired",
        "Button",
        "Table",
        "axios",
        "useQuery",
        "Link",
        "ProductListPage",
        "_s",
        "_c",
        "data",
        "products",
        "isLoading",
        "error",
        "useProducts",
        "renderProducts",
        "message",
        "length",
        "map",
        "product",
        "name",
        "price",
        "id",
        "_c2",
        "_s2",
        "queryKey",
        "queryFn",
        "get",
        "then",
        "res",
        "$RefreshReg$"
      ],
      "sources": [
        "C:/Users/38163/react-testing-starter/src/pages/admin/ProductListPage.tsx"
      ],
      "file": "C:/Users/38163/react-testing-starter/src/pages/admin/ProductListPage.tsx"
    },
    "_coverageSchema": "1a1c01bbd47fc00a2c39e90264f33305004495a9",
    "hash": "ed9204f0817f194d5facc519d2cb9a2c3de5173a"
  },
  "C:/Users/38163/react-testing-starter/src/routes.tsx": {
    "path": "C:/Users/38163/react-testing-starter/src/routes.tsx",
    "statementMap": {
      "0": {
        "start": {
          "line": 13,
          "column": 15
        },
        "end": {
          "line": 79,
          "column": 1
        }
      }
    },
    "fnMap": {},
    "branchMap": {},
    "s": {
      "0": 36
    },
    "f": {},
    "b": {},
    "inputSourceMap": {
      "version": 3,
      "mappings": "AAgBa;AAfb,OAAOA,SAAS;AAChB,OAAOC,eAAe;AACtB,OAAOC,cAAc;AACrB,OAAOC,oBAAoB;AAC3B,OAAOC,uBAAuB;AAC9B,OAAOC,qBAAqB;AAC5B,OAAOC,mBAAmB;AAC1B,OAAOC,iBAAiB;AACxB,OAAOC,qBAAqB;AAC5B,OAAOC,oBAAoB;AAC3B,OAAOC,0BAA0B;AAEjC,MAAMC,SAAwB;AAAA,EAC5B;AAAA,IACEC,MAAM;AAAA,IACNC,SAAS,uBAAC,SAAD;AAAA;AAAA;AAAA;AAAA,WAAI;AAAA,IACbC,cAAc,uBAAC,eAAD;AAAA;AAAA;AAAA;AAAA,WAAU;AAAA,IACxBC,UAAU;AAAA,MACR,EAAEC,OAAO,MAAMH,SAAS,uBAAC,cAAD;AAAA;AAAA;AAAA;AAAA,aAAS,EAAI;AAAA,MACrC,EAAED,MAAM,cAAcC,SAAS,uBAAC,oBAAD;AAAA;AAAA;AAAA;AAAA,aAAe,EAAI;AAAA,MAClD,EAAED,MAAM,YAAYC,SAAS,uBAAC,qBAAD;AAAA;AAAA;AAAA;AAAA,aAAgB,EAAI;AAAA,MACjD,EAAED,MAAM,gBAAgBC,SAAS,uBAAC,uBAAD;AAAA;AAAA;AAAA;AAAA,aAAkB,EAAI;AAAA,MACvD;AAAA,QACED,MAAM;AAAA,QACNC,SAAS,uBAAC,iBAAD;AAAA;AAAA;AAAA;AAAA,eAAY;AAAA,QACrBE,UAAU;AAAA,UACR,EAAEC,OAAO,MAAMH,SAAS,uBAAC,mBAAD;AAAA;AAAA;AAAA;AAAA,iBAAc,EAAI;AAAA,UAC1C,EAAED,MAAM,YAAYC,SAAS,uBAAC,0BAAD;AAAA;AAAA;AAAA;AAAA,iBAAqB,EAAI;AAAA,UACtD,EAAED,MAAM,gBAAgBC,SAAS,uBAAC,oBAAD;AAAA;AAAA;AAAA;AAAA,iBAAe,EAAI;AAAA,UACpD,EAAED,MAAM,qBAAqBC,SAAS,uBAAC,qBAAD;AAAA;AAAA;AAAA;AAAA,iBAAgB,EAAI;AAAA,QAAC;AAAA,MAE/D;AAAA,IAAC;AAAA,EAEL;AAAC;AAGH,eAAeF",
      "names": [
        "App",
        "ErrorPage",
        "HomePage",
        "PlaygroundPage",
        "ProductDetailPage",
        "ProductListPage",
        "AdminHomePage",
        "AdminLayout",
        "EditProductPage",
        "NewProductPage",
        "AdminProductListPage",
        "routes",
        "path",
        "element",
        "errorElement",
        "children",
        "index"
      ],
      "sources": [
        "C:/Users/38163/react-testing-starter/src/routes.tsx"
      ],
      "file": "C:/Users/38163/react-testing-starter/src/routes.tsx"
    },
    "_coverageSchema": "1a1c01bbd47fc00a2c39e90264f33305004495a9",
    "hash": "4aa10a8a066aa149a3721b80eebb4bf03bf88d75"
  },
  "C:/Users/38163/react-testing-starter/src/main.tsx": {
    "path": "C:/Users/38163/react-testing-starter/src/main.tsx",
    "statementMap": {
      "0": {
        "start": {
          "line": 8,
          "column": 0
        },
        "end": {
          "line": 8,
          "column": 49
        }
      },
      "1": {
        "start": {
          "line": 9,
          "column": 15
        },
        "end": {
          "line": 9,
          "column": 42
        }
      },
      "2": {
        "start": {
          "line": 10,
          "column": 0
        },
        "end": {
          "line": 20,
          "column": 2
        }
      }
    },
    "fnMap": {},
    "branchMap": {},
    "s": {
      "0": 36,
      "1": 36,
      "2": 36
    },
    "f": {},
    "b": {},
    "inputSourceMap": {
      "version": 3,
      "mappings": "AAaI;AAbJ,OAAOA,WAAW;AAClB,OAAOC,WAAW;AAClB,OAAOC,cAAc;AACrB,SAASC,gBAAgBC,2BAA2B;AACpD,OAAO;AACP,OAAOC,YAAY;AAEnBL,MAAMM,SAASC,UAAU;AAEzB,MAAMC,SAASJ,oBAAoBC,MAAM;AAEzCH,SAASO,WAAWC,SAASC,eAAe,MAAM,CAAE,EAAEC;AAAAA,EACpD,uBAAC,MAAM,YAAN,EACC,iCAAC,kBAAe,UAAhB;AAAA;AAAA;AAAA;AAAA,SAA+B,KADjC;AAAA;AAAA;AAAA;AAAA,SAEA;AACF",
      "names": [
        "axios",
        "React",
        "ReactDOM",
        "RouterProvider",
        "createBrowserRouter",
        "routes",
        "defaults",
        "baseURL",
        "router",
        "createRoot",
        "document",
        "getElementById",
        "render"
      ],
      "sources": [
        "C:/Users/38163/react-testing-starter/src/main.tsx"
      ],
      "file": "C:/Users/38163/react-testing-starter/src/main.tsx"
    },
    "_coverageSchema": "1a1c01bbd47fc00a2c39e90264f33305004495a9",
    "hash": "f43666df4c12c7b507751969cd3c363518cf2cae"
  }
}